<?xml version="1.0" encoding="UTF-8"?>
<!-- Generated by org.testng.reporters.JUnitXMLReporter -->
<testsuite ignored="0" hostname="sandeep" failures="4" tests="4" name="Test" time="15.409" errors="0" timestamp="2021-12-01T21:32:53 IST">
  <testcase classname="com.testpackage.TakeScreenShot" name="testCase1" time="2.802">
    <failure type="java.lang.AssertionError" message="expected [true] but found [false]">
      <![CDATA[java.lang.AssertionError: expected [true] but found [false]
at com.testpackage.TakeScreenShot.testCase1(TakeScreenShot.java:23)
at java.base/java.util.ArrayList.forEach(ArrayList.java:1511)
... Removed 31 stack frames]]>
    </failure>
  </testcase> <!-- testCase1 -->
  <testcase classname="com.testpackage.TakeScreenShot" name="testCase2" time="2.488">
    <failure type="java.lang.AssertionError" message="expected [true] but found [false]">
      <![CDATA[java.lang.AssertionError: expected [true] but found [false]
at com.testpackage.TakeScreenShot.testCase2(TakeScreenShot.java:33)
at java.base/java.util.ArrayList.forEach(ArrayList.java:1511)
... Removed 31 stack frames]]>
    </failure>
  </testcase> <!-- testCase2 -->
  <testcase classname="com.testpackage.TakeScreenShot1" name="testCase3" time="2.235">
    <failure type="java.lang.AssertionError" message="expected [true] but found [false]">
      <![CDATA[java.lang.AssertionError: expected [true] but found [false]
at com.testpackage.TakeScreenShot1.testCase3(TakeScreenShot1.java:19)
at java.base/java.util.ArrayList.forEach(ArrayList.java:1511)
... Removed 31 stack frames]]>
    </failure>
  </testcase> <!-- testCase3 -->
  <testcase classname="com.testpackage.TakeScreenShot1" name="testCase4" time="2.339">
    <failure type="java.lang.AssertionError" message="expected [true] but found [false]">
      <![CDATA[java.lang.AssertionError: expected [true] but found [false]
at com.testpackage.TakeScreenShot1.testCase4(TakeScreenShot1.java:29)
at java.base/java.util.ArrayList.forEach(ArrayList.java:1511)
... Removed 31 stack frames]]>
    </failure>
  </testcase> <!-- testCase4 -->
</testsuite> <!-- Test -->
