<?xml version="1.0" encoding="UTF-8"?>
<testng-results ignored="0" total="1" passed="1" failed="0" skipped="0">
  <reporter-output>
  </reporter-output>
  <suite started-at="2021-12-01T21:50:02 IST" name="Default suite" finished-at="2021-12-01T21:50:06 IST" duration-ms="3784">
    <groups>
    </groups>
    <test started-at="2021-12-01T21:50:02 IST" name="Default test" finished-at="2021-12-01T21:50:06 IST" duration-ms="3784">
      <class name="com.testpackage.FullPageScreenShot">
        <test-method signature="setup()[pri:0, instance:com.testpackage.FullPageScreenShot@2dde1bff]" started-at="2021-12-01T21:50:02 IST" name="setup" finished-at="2021-12-01T21:50:06 IST" duration-ms="3741" status="PASS">
          <reporter-output>
          </reporter-output>
        </test-method> <!-- setup -->
      </class> <!-- com.testpackage.FullPageScreenShot -->
    </test> <!-- Default test -->
  </suite> <!-- Default suite -->
</testng-results>
